<?xml version="1.0" encoding="UTF-8"?>
<!-- Generated by org.testng.reporters.JUnitReportReporter -->
<testsuite hostname="DESKTOP-04RGCKE" failures="0" tests="1" name="test.suites.TestSuite1" time="9.584" errors="0" timestamp="18 May 2022 21:22:13 GMT">
  <testcase classname="test.suites.TestSuite1" name="happyPath" time="9.584"/>
</testsuite> <!-- test.suites.TestSuite1 -->
