<?xml version="1.0" encoding="UTF-8"?>
<!-- Generated by org.testng.reporters.JUnitReportReporter -->
<testsuite hostname="DESKTOP-04RGCKE" failures="0" tests="1" name="test.suites.NewTest" time="3.345" errors="0" timestamp="4 May 2022 21:36:05 GMT">
  <testcase classname="test.suites.NewTest" name="test1" time="3.345"/>
</testsuite> <!-- test.suites.NewTest -->
